[2025-05-28 09:03:04] Successfully loaded URL patterns from resource file
[2025-05-28 09:03:04] URL cache populated with 4 tables
[2025-05-28 09:03:04] Data cache and URL cache cleared
[2025-05-28 09:03:04] Successfully loaded URL patterns from resource file
[2025-05-28 09:03:04] URL cache populated with 4 tables
[2025-05-28 09:03:04] Data cache and URL cache cleared
[2025-05-28 09:03:04] Successfully loaded URL patterns from resource file
[2025-05-28 09:03:05] URL cache populated with 4 tables
[2025-05-28 09:03:05] Fetching all available tables...
[2025-05-28 09:03:05] Fetching table 2020_22...
[2025-05-28 09:03:05] Fetching table 2015_17...
[2025-05-28 09:03:05] Table ALT_Table2015_17 not in cache, fetching from source...
[2025-05-28 09:03:05] Found download URLs for table ALT_Table2015_17:
[2025-05-28 09:03:05]   https://aga.gov.au/sites/aga.gov.au/files/publications/life_table_2015-17/downloads/Australian_Life_Tables_2015-17_Males.xlsx
[2025-05-28 09:03:05]   https://aga.gov.au/sites/aga.gov.au/files/publications/life_table_2015-17/downloads/Australian_Life_Tables_2015-17_Females.xlsx
[2025-05-28 09:03:05] Testing URL: https://aga.gov.au/sites/aga.gov.au/files/publications/life_table_2015-17/downloads/Australian_Life_Tables_2015-17_Males.xlsx
[2025-05-28 09:03:05] Downloading: https://aga.gov.au/sites/aga.gov.au/files/publications/life_table_2015-17/downloads/Australian_Life_Tables_2015-17_Males.xlsx
[2025-05-28 09:03:05] Updated URL cache for ALT_Table2015_17: https://aga.gov.au/sites/aga.gov.au/files/publications/life_table_2015-17/downloads/Australian_Life_Tables_2015-17_Males.xlsx
[2025-05-28 09:03:05] Testing URL: https://aga.gov.au/sites/aga.gov.au/files/publications/life_table_2015-17/downloads/Australian_Life_Tables_2015-17_Females.xlsx
[2025-05-28 09:03:05] Downloading: https://aga.gov.au/sites/aga.gov.au/files/publications/life_table_2015-17/downloads/Australian_Life_Tables_2015-17_Females.xlsx
[2025-05-28 09:03:06] Updated URL cache for ALT_Table2015_17: https://aga.gov.au/sites/aga.gov.au/files/publications/life_table_2015-17/downloads/Australian_Life_Tables_2015-17_Females.xlsx
[2025-05-28 09:03:07] Fetching table 2010_12...
[2025-05-28 09:03:07] Table ALT_Table2010_12 not in cache, fetching from source...
[2025-05-28 09:03:07] Found download URLs for table ALT_Table2010_12:
[2025-05-28 09:03:07]   https://aga.gov.au/sites/aga.gov.au/files/publications/life_table_2010-12/downloads/Males_Australian_Life_Tables_2010-12.xls
[2025-05-28 09:03:07]   https://aga.gov.au/sites/aga.gov.au/files/publications/life_table_2010-12/downloads/Females_Australian_Life_Tables_2010-12.xls
[2025-05-28 09:03:07] Testing URL: https://aga.gov.au/sites/aga.gov.au/files/publications/life_table_2010-12/downloads/Males_Australian_Life_Tables_2010-12.xls
[2025-05-28 09:03:07] Downloading: https://aga.gov.au/sites/aga.gov.au/files/publications/life_table_2010-12/downloads/Males_Australian_Life_Tables_2010-12.xls
[2025-05-28 09:03:08] Updated URL cache for ALT_Table2010_12: https://aga.gov.au/sites/aga.gov.au/files/publications/life_table_2010-12/downloads/Males_Australian_Life_Tables_2010-12.xls
[2025-05-28 09:03:08] Testing URL: https://aga.gov.au/sites/aga.gov.au/files/publications/life_table_2010-12/downloads/Females_Australian_Life_Tables_2010-12.xls
[2025-05-28 09:03:08] Downloading: https://aga.gov.au/sites/aga.gov.au/files/publications/life_table_2010-12/downloads/Females_Australian_Life_Tables_2010-12.xls
[2025-05-28 09:03:08] Updated URL cache for ALT_Table2010_12: https://aga.gov.au/sites/aga.gov.au/files/publications/life_table_2010-12/downloads/Females_Australian_Life_Tables_2010-12.xls
[2025-05-28 09:03:09] Fetching table 2005_07...
[2025-05-28 09:03:09] Table ALT_Table2005_07 not in cache, fetching from source...
[2025-05-28 09:03:09] Found download URLs for table ALT_Table2005_07:
[2025-05-28 09:03:09]   https://aga.gov.au/sites/aga.gov.au/files/publications/life_tables_2005-07/downloads/males_2005-07.xls
[2025-05-28 09:03:09]   https://aga.gov.au/sites/aga.gov.au/files/publications/life_tables_2005-07/downloads/females_2005-07.xls
[2025-05-28 09:03:09] Testing URL: https://aga.gov.au/sites/aga.gov.au/files/publications/life_tables_2005-07/downloads/males_2005-07.xls
[2025-05-28 09:03:09] Downloading: https://aga.gov.au/sites/aga.gov.au/files/publications/life_tables_2005-07/downloads/males_2005-07.xls
[2025-05-28 09:03:10] Updated URL cache for ALT_Table2005_07: https://aga.gov.au/sites/aga.gov.au/files/publications/life_tables_2005-07/downloads/males_2005-07.xls
[2025-05-28 09:03:10] Testing URL: https://aga.gov.au/sites/aga.gov.au/files/publications/life_tables_2005-07/downloads/females_2005-07.xls
[2025-05-28 09:03:10] Downloading: https://aga.gov.au/sites/aga.gov.au/files/publications/life_tables_2005-07/downloads/females_2005-07.xls
[2025-05-28 09:03:10] Updated URL cache for ALT_Table2005_07: https://aga.gov.au/sites/aga.gov.au/files/publications/life_tables_2005-07/downloads/females_2005-07.xls
[2025-05-28 09:03:12] Successfully fetched 4 tables
[2025-05-28 09:03:12] Data cache and URL cache cleared
