[2025-05-27 20:02:11] Successfully loaded URL patterns from resource file
[2025-05-27 20:02:11] URL cache populated with 4 tables
[2025-05-27 20:02:32] Fetching all available tables...
[2025-05-27 20:02:32] Fetching table 2020_22...
[2025-05-27 20:02:32] Table ALT_Table2020_22 not in cache, fetching from source...
[2025-05-27 20:02:32] Found download URLs for table ALT_Table2020_22:
[2025-05-27 20:02:32]   https://aga.gov.au/sites/aga.gov.au/files/2024-12/australian-life-tables-2020-22-all-tables_2.xlsx
[2025-05-27 20:02:32] Testing URL: https://aga.gov.au/sites/aga.gov.au/files/2024-12/australian-life-tables-2020-22-all-tables_2.xlsx
[2025-05-27 20:02:32] Downloading: https://aga.gov.au/sites/aga.gov.au/files/2024-12/australian-life-tables-2020-22-all-tables_2.xlsx
[2025-05-27 20:02:33] Updated URL cache for ALT_Table2020_22: https://aga.gov.au/sites/aga.gov.au/files/2024-12/australian-life-tables-2020-22-all-tables_2.xlsx
[2025-05-27 20:02:33] Error fetching table 2020_22: Failed to fetch table ALT_Table2020_22: Too many input arguments.
[2025-05-27 20:02:33] Fetching table 2015_17...
[2025-05-27 20:02:33] Table ALT_Table2015_17 not in cache, fetching from source...
[2025-05-27 20:02:33] Found download URLs for table ALT_Table2015_17:
[2025-05-27 20:02:33]   https://aga.gov.au/sites/aga.gov.au/files/publications/life_table_2015-17/downloads/Australian_Life_Tables_2015-17_Males.xlsx
[2025-05-27 20:02:33]   https://aga.gov.au/sites/aga.gov.au/files/publications/life_table_2015-17/downloads/Australian_Life_Tables_2015-17_Females.xlsx
[2025-05-27 20:02:33] Testing URL: https://aga.gov.au/sites/aga.gov.au/files/publications/life_table_2015-17/downloads/Australian_Life_Tables_2015-17_Males.xlsx
[2025-05-27 20:02:33] Downloading: https://aga.gov.au/sites/aga.gov.au/files/publications/life_table_2015-17/downloads/Australian_Life_Tables_2015-17_Males.xlsx
[2025-05-27 20:02:34] Updated URL cache for ALT_Table2015_17: https://aga.gov.au/sites/aga.gov.au/files/publications/life_table_2015-17/downloads/Australian_Life_Tables_2015-17_Males.xlsx
[2025-05-27 20:02:34] Testing URL: https://aga.gov.au/sites/aga.gov.au/files/publications/life_table_2015-17/downloads/Australian_Life_Tables_2015-17_Females.xlsx
[2025-05-27 20:02:34] Downloading: https://aga.gov.au/sites/aga.gov.au/files/publications/life_table_2015-17/downloads/Australian_Life_Tables_2015-17_Females.xlsx
[2025-05-27 20:02:35] Updated URL cache for ALT_Table2015_17: https://aga.gov.au/sites/aga.gov.au/files/publications/life_table_2015-17/downloads/Australian_Life_Tables_2015-17_Females.xlsx
[2025-05-27 20:02:35] Error fetching table 2015_17: Failed to fetch table ALT_Table2015_17: Too many input arguments.
[2025-05-27 20:02:35] Fetching table 2010_12...
[2025-05-27 20:02:35] Table ALT_Table2010_12 not in cache, fetching from source...
[2025-05-27 20:02:35] Found download URLs for table ALT_Table2010_12:
[2025-05-27 20:02:35]   https://aga.gov.au/sites/aga.gov.au/files/publications/life_table_2010-12/downloads/Males_Australian_Life_Tables_2010-12.xls
[2025-05-27 20:02:35]   https://aga.gov.au/sites/aga.gov.au/files/publications/life_table_2010-12/downloads/Females_Australian_Life_Tables_2010-12.xls
[2025-05-27 20:02:35] Testing URL: https://aga.gov.au/sites/aga.gov.au/files/publications/life_table_2010-12/downloads/Males_Australian_Life_Tables_2010-12.xls
[2025-05-27 20:02:35] Downloading: https://aga.gov.au/sites/aga.gov.au/files/publications/life_table_2010-12/downloads/Males_Australian_Life_Tables_2010-12.xls
[2025-05-27 20:02:36] Updated URL cache for ALT_Table2010_12: https://aga.gov.au/sites/aga.gov.au/files/publications/life_table_2010-12/downloads/Males_Australian_Life_Tables_2010-12.xls
[2025-05-27 20:02:36] Testing URL: https://aga.gov.au/sites/aga.gov.au/files/publications/life_table_2010-12/downloads/Females_Australian_Life_Tables_2010-12.xls
[2025-05-27 20:02:36] Downloading: https://aga.gov.au/sites/aga.gov.au/files/publications/life_table_2010-12/downloads/Females_Australian_Life_Tables_2010-12.xls
[2025-05-27 20:02:37] Updated URL cache for ALT_Table2010_12: https://aga.gov.au/sites/aga.gov.au/files/publications/life_table_2010-12/downloads/Females_Australian_Life_Tables_2010-12.xls
[2025-05-27 20:02:37] Error fetching table 2010_12: Failed to fetch table ALT_Table2010_12: Too many input arguments.
[2025-05-27 20:02:37] Fetching table 2005_07...
[2025-05-27 20:02:37] Table ALT_Table2005_07 not in cache, fetching from source...
[2025-05-27 20:02:38] Found download URLs for table ALT_Table2005_07:
[2025-05-27 20:02:38]   https://aga.gov.au/sites/aga.gov.au/files/publications/life_tables_2005-07/downloads/males_2005-07.xls
[2025-05-27 20:02:38]   https://aga.gov.au/sites/aga.gov.au/files/publications/life_tables_2005-07/downloads/females_2005-07.xls
[2025-05-27 20:02:38] Testing URL: https://aga.gov.au/sites/aga.gov.au/files/publications/life_tables_2005-07/downloads/males_2005-07.xls
[2025-05-27 20:02:38] Downloading: https://aga.gov.au/sites/aga.gov.au/files/publications/life_tables_2005-07/downloads/males_2005-07.xls
[2025-05-27 20:02:39] Updated URL cache for ALT_Table2005_07: https://aga.gov.au/sites/aga.gov.au/files/publications/life_tables_2005-07/downloads/males_2005-07.xls
[2025-05-27 20:02:39] Testing URL: https://aga.gov.au/sites/aga.gov.au/files/publications/life_tables_2005-07/downloads/females_2005-07.xls
[2025-05-27 20:02:39] Downloading: https://aga.gov.au/sites/aga.gov.au/files/publications/life_tables_2005-07/downloads/females_2005-07.xls
[2025-05-27 20:02:39] Updated URL cache for ALT_Table2005_07: https://aga.gov.au/sites/aga.gov.au/files/publications/life_tables_2005-07/downloads/females_2005-07.xls
[2025-05-27 20:02:39] Error fetching table 2005_07: Failed to fetch table ALT_Table2005_07: Too many input arguments.
[2025-05-27 20:02:39] Successfully fetched 0 tables
