[2025-05-28 09:01:56] Successfully loaded URL patterns from resource file
[2025-05-28 09:01:56] URL cache populated with 4 tables
[2025-05-28 09:01:56] Fetching all available tables...
[2025-05-28 09:01:56] Fetching table 2020_22...
[2025-05-28 09:01:56] Fetching table 2015_17...
[2025-05-28 09:01:56] Fetching table 2010_12...
[2025-05-28 09:01:56] Fetching table 2005_07...
[2025-05-28 09:01:56] Successfully fetched 4 tables
[2025-05-28 09:01:56] Data cache and URL cache cleared
[2025-05-28 09:01:56] Successfully loaded URL patterns from resource file
[2025-05-28 09:01:56] URL cache populated with 4 tables
[2025-05-28 09:01:56] Data cache and URL cache cleared
[2025-05-28 09:01:56] Successfully loaded URL patterns from resource file
[2025-05-28 09:01:57] URL cache populated with 4 tables
[2025-05-28 09:02:36] 
Testing patterns for table 2020_22:
[2025-05-28 09:02:37]   Testing pattern 1: https://aga.gov.au/sites/aga.gov.au/files/2025-05/australian-life-tables-2020_22-all-tables.xlsx
[2025-05-28 09:02:37]   FAILED: Pattern 1 returned status 0
[2025-05-28 09:02:37]   Testing pattern 2: https://aga.gov.au/sites/aga.gov.au/files/2025-05/australian-life-tables-2020_22-all-tables_2.xlsx
[2025-05-28 09:02:37]   FAILED: Pattern 2 returned status 0
[2025-05-28 09:02:37]   Testing pattern 3: https://aga.gov.au/sites/aga.gov.au/files/2025-05/australian-life-tables-2020_22.xlsx
[2025-05-28 09:02:37]   FAILED: Pattern 3 returned status 0
[2025-05-28 09:02:37]   Testing pattern 4: https://aga.gov.au/sites/aga.gov.au/files/2025-05/Australian_Life_Tables_2020_22_Males.xlsx
[2025-05-28 09:02:38]   FAILED: Pattern 4 returned status 0
[2025-05-28 09:02:38]   Testing pattern 5: https://aga.gov.au/sites/aga.gov.au/files/2025-05/Australian_Life_Tables_2020_22_Females.xlsx
[2025-05-28 09:02:38]   FAILED: Pattern 5 returned status 0
[2025-05-28 09:02:38] 
Testing patterns for table 2015_17:
[2025-05-28 09:02:38]   Testing pattern 1: https://aga.gov.au/sites/aga.gov.au/files/2025-05/australian-life-tables-2015_17-all-tables.xlsx
[2025-05-28 09:02:38]   FAILED: Pattern 1 returned status 0
[2025-05-28 09:02:38]   Testing pattern 2: https://aga.gov.au/sites/aga.gov.au/files/2025-05/australian-life-tables-2015_17-all-tables_2.xlsx
[2025-05-28 09:02:38]   FAILED: Pattern 2 returned status 0
[2025-05-28 09:02:38]   Testing pattern 3: https://aga.gov.au/sites/aga.gov.au/files/2025-05/australian-life-tables-2015_17.xlsx
[2025-05-28 09:02:38]   FAILED: Pattern 3 returned status 0
[2025-05-28 09:02:38]   Testing pattern 4: https://aga.gov.au/sites/aga.gov.au/files/2025-05/Australian_Life_Tables_2015_17_Males.xlsx
[2025-05-28 09:02:38]   FAILED: Pattern 4 returned status 0
[2025-05-28 09:02:38]   Testing pattern 5: https://aga.gov.au/sites/aga.gov.au/files/2025-05/Australian_Life_Tables_2015_17_Females.xlsx
[2025-05-28 09:02:38]   FAILED: Pattern 5 returned status 0
[2025-05-28 09:02:38] 
Testing patterns for table 2010_12:
[2025-05-28 09:02:38]   Testing pattern 1: https://aga.gov.au/sites/aga.gov.au/files/2025-05/australian-life-tables-2010_12-all-tables.xlsx
[2025-05-28 09:02:38]   FAILED: Pattern 1 returned status 0
[2025-05-28 09:02:38]   Testing pattern 2: https://aga.gov.au/sites/aga.gov.au/files/2025-05/australian-life-tables-2010_12.xlsx
[2025-05-28 09:02:39]   FAILED: Pattern 2 returned status 0
[2025-05-28 09:02:39]   Testing pattern 3: https://aga.gov.au/sites/aga.gov.au/files/2025-05/Males_Australian_Life_Tables_2010_12.xlsx
[2025-05-28 09:02:39]   FAILED: Pattern 3 returned status 0
[2025-05-28 09:02:39]   Testing pattern 4: https://aga.gov.au/sites/aga.gov.au/files/2025-05/Females_Australian_Life_Tables_2010_12.xlsx
[2025-05-28 09:02:39]   FAILED: Pattern 4 returned status 0
[2025-05-28 09:02:39] 
Testing patterns for table 2005_07:
[2025-05-28 09:02:39]   Testing pattern 1: https://aga.gov.au/sites/aga.gov.au/files/2025-05/australian-life-tables-2005_07-all-tables.xlsx
[2025-05-28 09:02:39]   FAILED: Pattern 1 returned status 0
[2025-05-28 09:02:39]   Testing pattern 2: https://aga.gov.au/sites/aga.gov.au/files/2025-05/australian-life-tables-2005_07.xlsx
[2025-05-28 09:02:39]   FAILED: Pattern 2 returned status 0
[2025-05-28 09:02:39]   Testing pattern 3: https://aga.gov.au/sites/aga.gov.au/files/2025-05/males_2005_07.xlsx
[2025-05-28 09:02:40]   FAILED: Pattern 3 returned status 0
[2025-05-28 09:02:40]   Testing pattern 4: https://aga.gov.au/sites/aga.gov.au/files/2025-05/females_2005_07.xlsx
[2025-05-28 09:02:40]   FAILED: Pattern 4 returned status 0
[2025-05-28 09:02:40] Data cache and URL cache cleared
